npm run build                                                          

> nsc-bot-platform@1.0.0 build
> next build

  â–² Next.js 14.2.33
  - Environments: .env.local, .env

   Creating an optimized production build ...
/*! ðŸŒ¼ daisyUI 5.3.10 */
 âœ“ Compiled successfully
   Skipping validation of types
   Skipping linting
   Collecting page data  ...ðŸ”¥ Initializing database connection pool...
ðŸ”¥ Initializing database connection pool...
ðŸ”¥ Warming up database connection pool...
ðŸš€ Database pool initialized for NeonDB
ðŸ”¥ Initializing database connection pool...
ðŸ”¥ Warming up database connection pool...
ðŸ”¥ Initializing database connection pool...
ðŸ”¥ Warming up database connection pool...
ðŸš€ Database pool initialized for NeonDB
ðŸ”¥ Warming up database connection pool...
ðŸš€ Database pool initialized for NeonDB
ðŸš€ Database pool initialized for NeonDB
ðŸ”¥ Initializing database connection pool...
ðŸ”¥ Warming up database connection pool...
ðŸš€ Database pool initialized for NeonDB
ðŸ”¥ Initializing database connection pool...
   Collecting page data  .ðŸ”¥ Warming up database connection pool...
ðŸš€ Database pool initialized for NeonDB
CRITICAL: PAYMENT_WEBHOOK_SECRET environment variable is not set!
Webhook endpoint will reject all requests until configured.
 âœ“ Collecting page data    
âœ… New client connected to NeonDB
âœ… Database health check passed
âœ… Database pool warmed up
âœ… Database connection pool ready
âœ… New client connected to NeonDB
âœ… Database health check passed
âœ… Database pool warmed up
âœ… Database connection pool ready
âœ… New client connected to NeonDB
âœ… Database health check passed
âœ… Database pool warmed up
âœ… Database connection pool ready
âœ… New client connected to NeonDB
âœ… Database health check passed
âœ… Database pool warmed up
âœ… Database connection pool ready
âœ… New client connected to NeonDB
âœ… Database health check passed
âœ… Database pool warmed up
âœ… Database connection pool ready
âœ… New client connected to NeonDB
âœ… Database health check passed
âœ… Database pool warmed up
âœ… Database connection pool ready
   Generating static pages (35/90)  [==  ]ðŸ”¥ Initializing database connection pool...
ðŸ”¥ Warming up database connection pool...
ðŸš€ Database pool initialized for NeonDB
ðŸ”¥ Initializing database connection pool...
ðŸ”¥ Warming up database connection pool...
ðŸš€ Database pool initialized for NeonDB
   Generating static pages (44/90)  [=== ]ðŸ”¥ Initializing database connection pool...
ðŸ”¥ Warming up database connection pool...
ðŸš€ Database pool initialized for NeonDB
ðŸ”¥ Initializing database connection pool...
ðŸ”¥ Warming up database connection pool...
ðŸš€ Database pool initialized for NeonDB
ðŸ”¥ Initializing database connection pool...
ðŸ”¥ Warming up database connection pool...
ðŸš€ Database pool initialized for NeonDB
(node:7004) Warning: `--localstorage-file` was provided without a valid path
(Use `node --trace-warnings ...` to show where the warning was created)
(node:7468) Warning: `--localstorage-file` was provided without a valid path
(Use `node --trace-warnings ...` to show where the warning was created)
(node:21424) Warning: `--localstorage-file` was provided without a valid path
(Use `node --trace-warnings ...` to show where the warning was created)
(node:17204) Warning: `--localstorage-file` was provided without a valid path
(Use `node --trace-warnings ...` to show where the warning was created)
(node:17456) Warning: `--localstorage-file` was provided without a valid path
(Use `node --trace-warnings ...` to show where the warning was created)
(node:15352) Warning: `--localstorage-file` was provided without a valid path
(Use `node --trace-warnings ...` to show where the warning was created)
(node:5848) Warning: `--localstorage-file` was provided without a valid path
(Use `node --trace-warnings ...` to show where the warning was created)
(node:9752) Warning: `--localstorage-file` was provided without a valid path
(Use `node --trace-warnings ...` to show where the warning was created)
(node:19844) Warning: `--localstorage-file` was provided without a valid path
(Use `node --trace-warnings ...` to show where the warning was created)
(node:18784) Warning: `--localstorage-file` was provided without a valid path
(Use `node --trace-warnings ...` to show where the warning was created)
   Generating static pages (57/90)  [ ===](node:5520) Warning: `--localstorage-file` was provided without a valid path
(Use `node --trace-warnings ...` to show where the warning was created)
âœ… New client connected to NeonDB
âœ… Database health check passed
âœ… Database pool warmed up
âœ… Database connection pool ready
âœ… New client connected to NeonDB
âœ… Database health check passed
âœ… Database pool warmed up
âœ… Database connection pool ready
âœ… New client connected to NeonDB
âœ… Database health check passed
âœ… Database pool warmed up
âœ… Database connection pool ready
âœ… New client connected to NeonDB
âœ… Database health check passed
âœ… Database pool warmed up
âœ… Database connection pool ready
âœ… New client connected to NeonDB
âœ… Database health check passed
âœ… Database pool warmed up
âœ… Database connection pool ready
   Generating static pages (76/90)  [  ==]ðŸš€ Initializing essential cron jobs...
â° Timezone: IST (UTC+5:30)

âœ… Essential cron jobs initialized successfully
ðŸ“… Schedule:
   - ROI Distribution: Daily at 05:30 IST
   - Bot Expiry Check: Daily at 06:30 IST
   - Package Expiry Check: Daily at 07:30 IST

ðŸ’¡ Note: Database backups, health monitoring, and email digests
   should be handled by managed services or admin dashboard.

 âœ“ Generating static pages (90/90)
 âœ“ Collecting build traces    
 âœ“ Finalizing page optimization

Route (app)                              Size     First Load JS
â”Œ â—‹ /                                    50.7 kB         145 kB
â”œ â—‹ /_not-found                          880 B          88.8 kB
â”œ â—‹ /admin/admin-login                   3.68 kB        96.6 kB
â”œ â—‹ /admin/compliance                    3.44 kB         108 kB
â”œ â—‹ /admin/dashboard                     6.38 kB         117 kB
â”œ â—‹ /admin/packages                      3.75 kB         118 kB
â”œ â—‹ /admin/settings                      2.24 kB         106 kB
â”œ â—‹ /admin/statistics                    6.36 kB         117 kB
â”œ â—‹ /admin/users                         3.57 kB         118 kB
â”œ â—‹ /admin/withdrawals                   4.3 kB          118 kB
â”œ Æ’ /api/[...notfound]                   0 B                0 B
â”œ Æ’ /api/admin/bot-packages              0 B                0 B
â”œ Æ’ /api/admin/compliance/stats          0 B                0 B
â”œ Æ’ /api/admin/cron/expiration/trigger   0 B                0 B
â”œ Æ’ /api/admin/cron/roi/trigger          0 B                0 B
â”œ Æ’ /api/admin/cron/status               0 B                0 B
â”œ Æ’ /api/admin/financial-stats           0 B                0 B
â”œ Æ’ /api/admin/kyc                       0 B                0 B
â”œ Æ’ /api/admin/package-types             0 B                0 B
â”œ Æ’ /api/admin/payments/list             0 B                0 B
â”œ Æ’ /api/admin/payments/scan             0 B                0 B
â”œ Æ’ /api/admin/payments/stats            0 B                0 B
â”œ Æ’ /api/admin/statistics                0 B                0 B
â”œ Æ’ /api/admin/stats                     0 B                0 B
â”œ Æ’ /api/admin/system-settings           0 B                0 B
â”œ Æ’ /api/admin/users                     0 B                0 B
â”œ Æ’ /api/admin/users/[id]/block          0 B                0 B
â”œ Æ’ /api/admin/users/[id]/kyc            0 B                0 B
â”œ Æ’ /api/admin/wallet-address            0 B                0 B
â”œ Æ’ /api/admin/withdrawals               0 B                0 B
â”œ Æ’ /api/admin/withdrawals/[id]/approve  0 B                0 B
â”œ Æ’ /api/admin/withdrawals/[id]/reject   0 B                0 B
â”œ Æ’ /api/admin/withdrawals/pending       0 B                0 B
â”œ Æ’ /api/auth/csrf-token                 0 B                0 B
â”œ Æ’ /api/auth/disable-2fa                0 B                0 B
â”œ Æ’ /api/auth/enable-2fa                 0 B                0 B
â”œ Æ’ /api/auth/forgot-password            0 B                0 B
â”œ Æ’ /api/auth/login                      0 B                0 B
â”œ Æ’ /api/auth/logout                     0 B                0 B
â”œ Æ’ /api/auth/refresh                    0 B                0 B
â”œ Æ’ /api/auth/register                   0 B                0 B
â”œ Æ’ /api/auth/reset-password             0 B                0 B
â”œ Æ’ /api/auth/validate                   0 B                0 B
â”œ Æ’ /api/auth/verify-2fa                 0 B                0 B
â”œ Æ’ /api/auth/verify-email               0 B                0 B
â”œ Æ’ /api/bots/activate                   0 B                0 B
â”œ Æ’ /api/bots/activate-with-payment      0 B                0 B
â”œ Æ’ /api/bots/check-eligibility          0 B                0 B
â”œ Æ’ /api/bots/my-bots                    0 B                0 B
â”œ â—‹ /api/cron/init                       0 B                0 B
â”œ Æ’ /api/earnings/history                0 B                0 B
â”œ Æ’ /api/earnings/summary                0 B                0 B
â”œ Æ’ /api/health                          0 B                0 B
â”œ â—‹ /api/legal                           0 B                0 B
â”œ Æ’ /api/legal/accept                    0 B                0 B
â”œ Æ’ /api/packages                        0 B                0 B
â”œ Æ’ /api/packages/[id]                   0 B                0 B
â”œ Æ’ /api/packages/[id]/verify-deposit    0 B                0 B
â”œ Æ’ /api/packages/create                 0 B                0 B
â”œ Æ’ /api/packages/create-with-payment    0 B                0 B
â”œ Æ’ /api/packages/my-packages            0 B                0 B
â”œ Æ’ /api/packages/roi-schedule           0 B                0 B
â”œ Æ’ /api/packages/stats                  0 B                0 B
â”œ Æ’ /api/payments/[id]                   0 B                0 B
â”œ Æ’ /api/payments/[id]/qr                0 B                0 B
â”œ Æ’ /api/payments/[id]/verify            0 B                0 B
â”œ Æ’ /api/payments/create                 0 B                0 B
â”œ Æ’ /api/payments/my-requests            0 B                0 B
â”œ Æ’ /api/payments/status                 0 B                0 B
â”œ Æ’ /api/payments/webhook                0 B                0 B
â”œ Æ’ /api/referrals/direct                0 B                0 B
â”œ Æ’ /api/referrals/level-breakdown       0 B                0 B
â”œ Æ’ /api/referrals/stats                 0 B                0 B
â”œ Æ’ /api/referrals/tree                  0 B                0 B
â”œ Æ’ /api/support/ticket                  0 B                0 B
â”œ Æ’ /api/transactions/history            0 B                0 B
â”œ Æ’ /api/user/change-password            0 B                0 B
â”œ Æ’ /api/user/kyc                        0 B                0 B
â”œ Æ’ /api/user/kyc/submit                 0 B                0 B
â”œ Æ’ /api/user/profile                    0 B                0 B
â”œ Æ’ /api/user/referral-code              0 B                0 B
â”œ Æ’ /api/user/referrals                  0 B                0 B
â”œ Æ’ /api/withdrawals/check-eligibility   0 B                0 B
â”œ Æ’ /api/withdrawals/history             0 B                0 B
â”œ Æ’ /api/withdrawals/request             0 B                0 B
â”œ â—‹ /bots                                5.91 kB         109 kB
â”œ â—‹ /bots/activate                       2.66 kB         243 kB
â”œ â—‹ /contact                             2.63 kB        99.3 kB
â”œ â—‹ /cookie-policy                       2.86 kB        90.8 kB
â”œ â—‹ /dashboard                           6.93 kB         110 kB
â”œ â—‹ /earnings                            5.54 kB         109 kB
â”œ â—‹ /forgot-password                     4.89 kB         108 kB
â”œ â—‹ /kyc                                 6.48 kB         110 kB
â”œ â—‹ /labs                                4.2 kB         98.9 kB
â”œ â—‹ /login                               3.55 kB         105 kB
â”œ â—‹ /network                             4.39 kB        99.1 kB
â”œ â—‹ /packages                            5.62 kB         109 kB
â”œ Æ’ /packages/[id]                       5.68 kB         109 kB
â”œ â—‹ /packages/buy                        1.99 kB         227 kB
â”œ â—‹ /pricing                             4.89 kB        99.6 kB
â”œ â—‹ /privacy                             152 B          88.1 kB
â”œ â—‹ /privacy-policy                      3.16 kB        91.1 kB
â”œ â—‹ /profile                             5.76 kB         110 kB
â”œ â—‹ /referral-bonus                      6.09 kB         110 kB
â”œ â—‹ /referrals                           4.12 kB        97.1 kB
â”œ â—‹ /register                            3.85 kB         106 kB
â”œ â—‹ /reset-password                      5.14 kB         109 kB
â”œ â—‹ /roi                                 3 kB           90.9 kB
â”œ â—‹ /security                            6.3 kB          110 kB
â”œ â—‹ /support                             6.19 kB         110 kB
â”œ â—‹ /team-performance                    2.57 kB        97.2 kB
â”œ â—‹ /terms                               152 B          88.1 kB
â”œ â—‹ /terms-of-service                    2.65 kB        90.6 kB
â”œ â—‹ /test1                               48.5 kB         145 kB
â”œ â—‹ /transactions                        4.94 kB         126 kB
â”œ â—‹ /verify-email                        4.69 kB         108 kB
â”œ â—‹ /withdrawals                         2.87 kB         110 kB
â”” â—‹ /withdrawals/request                 3.67 kB         137 kB
+ First Load JS shared by all            87.9 kB
  â”œ chunks/2117-a12d4fef26a095d9.js      31.9 kB
  â”œ chunks/fd9d1056-3aebcf55702994d2.js  53.6 kB
  â”” other shared chunks (total)          2.38 kB


â—‹  (Static)   prerendered as static content
Æ’  (Dynamic)  server-rendered on demand

PS C:\Users\LENOVO\Desktop\our\nsc-bot-platform> 